<?xml version="1.0" encoding="UTF-8"?>
<testng-results ignored="0" total="1" passed="1" failed="0" skipped="0">
  <reporter-output>
  </reporter-output>
  <suite started-at="2025-04-13T12:44:18 IST" name="Default suite" finished-at="2025-04-13T12:44:52 IST" duration-ms="33962">
    <groups>
    </groups>
    <test started-at="2025-04-13T12:44:18 IST" name="Default test" finished-at="2025-04-13T12:44:52 IST" duration-ms="33962">
      <class name="Scripts.scenario1">
        <test-method is-config="true" signature="preCondition()[pri:0, instance:Scripts.scenario1@5119fb47]" started-at="2025-04-13T12:44:18 IST" name="preCondition" finished-at="2025-04-13T12:44:24 IST" duration-ms="6540" status="PASS">
          <reporter-output>
          </reporter-output>
        </test-method> <!-- preCondition -->
        <test-method signature="validateTheProduct()[pri:0, instance:Scripts.scenario1@5119fb47]" started-at="2025-04-13T12:44:24 IST" name="validateTheProduct" finished-at="2025-04-13T12:44:52 IST" duration-ms="27349" status="PASS">
          <reporter-output>
          </reporter-output>
        </test-method> <!-- validateTheProduct -->
      </class> <!-- Scripts.scenario1 -->
    </test> <!-- Default test -->
  </suite> <!-- Default suite -->
</testng-results>
